This is pdfTeX, Version 3.141592653-2.6-1.40.22 (TeX Live 2021/W32TeX) (preloaded format=pdflatex 2022.4.29)  13 MAR 2023 17:11
entering extended mode
 restricted \write18 enabled.
 %&-line parsing enabled.
**samplepaper.tex
(./samplepaper.tex
LaTeX2e <2020-10-01> patch level 4
L3 programming layer <2021-02-18> (./llncs.cls
Document Class: llncs 2022/09/05 v2.22 
 LaTeX document class for Lecture Notes in Computer Science
(d:/texlive/2021/texmf-dist/tex/latex/base/article.cls
Document Class: article 2020/04/10 v1.4m Standard LaTeX document class
(d:/texlive/2021/texmf-dist/tex/latex/base/size10.clo
File: size10.clo 2020/04/10 v1.4m Standard LaTeX file (size option)
)
\c@part=\count179
\c@section=\count180
\c@subsection=\count181
\c@subsubsection=\count182
\c@paragraph=\count183
\c@subparagraph=\count184
\c@figure=\count185
\c@table=\count186
\abovecaptionskip=\skip47
\belowcaptionskip=\skip48
\bibindent=\dimen138
)
(d:/texlive/2021/texmf-dist/tex/latex/tools/multicol.sty
Package: multicol 2019/12/09 v1.8y multicolumn formatting (FMi)
\c@tracingmulticols=\count187
\mult@box=\box47
\multicol@leftmargin=\dimen139
\c@unbalance=\count188
\c@collectmore=\count189
\doublecol@number=\count190
\multicoltolerance=\count191
\multicolpretolerance=\count192
\full@width=\dimen140
\page@free=\dimen141
\premulticols=\dimen142
\postmulticols=\dimen143
\multicolsep=\skip49
\multicolbaselineskip=\skip50
\partial@page=\box48
\last@line=\box49
\maxbalancingoverflow=\dimen144
\mult@rightbox=\box50
\mult@grightbox=\box51
\mult@gfirstbox=\box52
\mult@firstbox=\box53
\@tempa=\box54
\@tempa=\box55
\@tempa=\box56
\@tempa=\box57
\@tempa=\box58
\@tempa=\box59
\@tempa=\box60
\@tempa=\box61
\@tempa=\box62
\@tempa=\box63
\@tempa=\box64
\@tempa=\box65
\@tempa=\box66
\@tempa=\box67
\@tempa=\box68
\@tempa=\box69
\@tempa=\box70
\@tempa=\box71
\@tempa=\box72
\@tempa=\box73
\@tempa=\box74
\@tempa=\box75
\@tempa=\box76
\@tempa=\box77
\@tempa=\box78
\@tempa=\box79
\@tempa=\box80
\@tempa=\box81
\@tempa=\box82
\@tempa=\box83
\@tempa=\box84
\@tempa=\box85
\@tempa=\box86
\@tempa=\box87
\@tempa=\box88
\@tempa=\box89
\@tempa=\box90
\c@minrows=\count193
\c@columnbadness=\count194
\c@finalcolumnbadness=\count195
\last@try=\dimen145
\multicolovershoot=\dimen146
\multicolundershoot=\dimen147
\mult@nat@firstbox=\box91
\colbreak@box=\box92
\mc@col@check@num=\count196
)
(d:/texlive/2021/texmf-dist/tex/latex/oberdiek/aliascnt.sty
Package: aliascnt 2018/09/07 v1.5 Alias counters (HO)
)
\c@chapter=\count197
LaTeX Font Info:    Redeclaring math symbol \Gamma on input line 362.
LaTeX Font Info:    Redeclaring math symbol \Delta on input line 363.
LaTeX Font Info:    Redeclaring math symbol \Theta on input line 364.
LaTeX Font Info:    Redeclaring math symbol \Lambda on input line 365.
LaTeX Font Info:    Redeclaring math symbol \Xi on input line 366.
LaTeX Font Info:    Redeclaring math symbol \Pi on input line 367.
LaTeX Font Info:    Redeclaring math symbol \Sigma on input line 368.
LaTeX Font Info:    Redeclaring math symbol \Upsilon on input line 369.
LaTeX Font Info:    Redeclaring math symbol \Phi on input line 370.
LaTeX Font Info:    Redeclaring math symbol \Psi on input line 371.
LaTeX Font Info:    Redeclaring math symbol \Omega on input line 372.
LaTeX Info: Redefining \vec on input line 377.
\tocchpnum=\dimen148
\tocsecnum=\dimen149
\tocsectotal=\dimen150
\tocsubsecnum=\dimen151
\tocsubsectotal=\dimen152
\tocsubsubsecnum=\dimen153
\tocsubsubsectotal=\dimen154
\tocparanum=\dimen155
\tocparatotal=\dimen156
\tocsubparanum=\dimen157
\@tempcntc=\count198
\fnindent=\dimen158
\c@@inst=\count199
\c@@auth=\count266
\c@auco=\count267
\instindent=\dimen159
\authrun=\box93
\authorrunning=\toks15
\tocauthor=\toks16
\titrun=\box94
\titlerunning=\toks17
\toctitle=\toks18
\c@theorem=\count268
\c@case=\count269
\c@conjecture=\count270
\c@corollary=\count271
\c@definition=\count272
\c@example=\count273
\c@exercise=\count274
\c@lemma=\count275
\c@note=\count276
\c@problem=\count277
\c@property=\count278
\c@proposition=\count279
\c@question=\count280
\c@solution=\count281
\c@remark=\count282
\headlineindent=\dimen160
)
(d:/texlive/2021/texmf-dist/tex/latex/base/fontenc.sty
Package: fontenc 2020/08/10 v2.0s Standard LaTeX package
)
(d:/texlive/2021/texmf-dist/tex/latex/graphics/graphicx.sty
Package: graphicx 2020/09/09 v1.2b Enhanced LaTeX Graphics (DPC,SPQR)

(d:/texlive/2021/texmf-dist/tex/latex/graphics/keyval.sty
Package: keyval 2014/10/28 v1.15 key=value parser (DPC)
\KV@toks@=\toks19
)
(d:/texlive/2021/texmf-dist/tex/latex/graphics/graphics.sty
Package: graphics 2020/08/30 v1.4c Standard LaTeX Graphics (DPC,SPQR)

(d:/texlive/2021/texmf-dist/tex/latex/graphics/trig.sty
Package: trig 2016/01/03 v1.10 sin cos tan (DPC)
)
(d:/texlive/2021/texmf-dist/tex/latex/graphics-cfg/graphics.cfg
File: graphics.cfg 2016/06/04 v1.11 sample graphics configuration
)
Package graphics Info: Driver file: pdftex.def on input line 105.

(d:/texlive/2021/texmf-dist/tex/latex/graphics-def/pdftex.def
File: pdftex.def 2020/10/05 v1.2a Graphics/color driver for pdftex
))
\Gin@req@height=\dimen161
\Gin@req@width=\dimen162
)
(d:/texlive/2021/texmf-dist/tex/latex/l3backend/l3backend-pdftex.def
File: l3backend-pdftex.def 2021-03-18 L3 backend support: PDF output (pdfTeX)
\l__color_backend_stack_int=\count283
\l__pdf_internal_box=\box95
)
No file samplepaper.aux.
\openout1 = `samplepaper.aux'.

LaTeX Font Info:    Checking defaults for OML/cmm/m/it on input line 21.
LaTeX Font Info:    ... okay on input line 21.
LaTeX Font Info:    Checking defaults for OMS/cmsy/m/n on input line 21.
LaTeX Font Info:    ... okay on input line 21.
LaTeX Font Info:    Checking defaults for OT1/cmr/m/n on input line 21.
LaTeX Font Info:    ... okay on input line 21.
LaTeX Font Info:    Checking defaults for T1/cmr/m/n on input line 21.
LaTeX Font Info:    ... okay on input line 21.
LaTeX Font Info:    Checking defaults for TS1/cmr/m/n on input line 21.
LaTeX Font Info:    ... okay on input line 21.
LaTeX Font Info:    Checking defaults for OMX/cmex/m/n on input line 21.
LaTeX Font Info:    ... okay on input line 21.
LaTeX Font Info:    Checking defaults for U/cmr/m/n on input line 21.
LaTeX Font Info:    ... okay on input line 21.
(d:/texlive/2021/texmf-dist/tex/context/base/mkii/supp-pdf.mkii
[Loading MPS to PDF converter (version 2006.09.02).]
\scratchcounter=\count284
\scratchdimen=\dimen163
\scratchbox=\box96
\nofMPsegments=\count285
\nofMParguments=\count286
\everyMPshowfont=\toks20
\MPscratchCnt=\count287
\MPscratchDim=\dimen164
\MPnumerator=\count288
\makeMPintoPDFobject=\count289
\everyMPtoPDFconversion=\toks21
) (d:/texlive/2021/texmf-dist/tex/latex/epstopdf-pkg/epstopdf-base.sty
Package: epstopdf-base 2020-01-24 v2.11 Base part for package epstopdf
Package epstopdf-base Info: Redefining graphics rule for `.eps' on input line 4
85.

(d:/texlive/2021/texmf-dist/tex/latex/latexconfig/epstopdf-sys.cfg
File: epstopdf-sys.cfg 2010/07/13 v1.3 Configuration of (r)epstopdf for TeX Liv
e
))
LaTeX Font Info:    External font `cmex10' loaded for size
(Font)              <14.4> on input line 44.
LaTeX Font Info:    External font `cmex10' loaded for size
(Font)              <7> on input line 44.
LaTeX Font Info:    External font `cmex10' loaded for size
(Font)              <5> on input line 44.
LaTeX Font Info:    External font `cmex10' loaded for size
(Font)              <9> on input line 44.
LaTeX Font Info:    External font `cmex10' loaded for size
(Font)              <6> on input line 44.
LaTeX Font Info:    Trying to load font information for T1+cmtt on input line 4
4.

(d:/texlive/2021/texmf-dist/tex/latex/base/t1cmtt.fd
File: t1cmtt.fd 2019/12/16 v2.5j Standard LaTeX font definitions
)

LaTeX Warning: Reference `tab1' on page 1 undefined on input line 69.

[1

{d:/texlive/2021/texmf-var/fonts/map/pdftex/updmap/pdftex.map}]

LaTeX Warning: Reference `fig1' on page 2 undefined on input line 95.

Package epstopdf Info: Source file: <fig1.eps>
(epstopdf)                    date: 2023-03-13 15:43:11
(epstopdf)                    size: 357553 bytes
(epstopdf)             Output file: <fig1-eps-converted-to.pdf>
(epstopdf)             Command: <repstopdf --outfile=fig1-eps-converted-to.pdf 
fig1.eps>
(epstopdf)             \includegraphics on input line 98.
runsystem(repstopdf --outfile=fig1-eps-converted-to.pdf fig1.eps)...executed sa
fely (allowed).

Package epstopdf Info: Result file: <fig1-eps-converted-to.pdf>
(epstopdf)                    date: 2023-03-13 17:11:33
(epstopdf)                    size: 26267 bytes.
<fig1-eps-converted-to.pdf, id=22, 345.29pt x 142.5325pt>
File: fig1-eps-converted-to.pdf Graphic file (type pdf)
<use fig1-eps-converted-to.pdf>
Package pdftex.def Info: fig1-eps-converted-to.pdf  used on input line 98.
(pdftex.def)             Requested size: 347.12354pt x 143.29115pt.

LaTeX Warning: Citation `ref_article1' on page 2 undefined on input line 121.


LaTeX Warning: Citation `ref_lncs1' on page 2 undefined on input line 121.


LaTeX Warning: Citation `ref_book1' on page 2 undefined on input line 122.


LaTeX Warning: Citation `ref_proc1' on page 2 undefined on input line 122.


LaTeX Warning: Citation `ref_url1' on page 2 undefined on input line 123.


LaTeX Warning: Citation `ref_article1' on page 2 undefined on input line 124.


LaTeX Warning: Citation `ref_lncs1' on page 2 undefined on input line 124.


LaTeX Warning: Citation `ref_book1' on page 2 undefined on input line 124.


LaTeX Warning: Citation `ref_article1' on page 2 undefined on input line 125.


LaTeX Warning: Citation `ref_book1' on page 2 undefined on input line 125.


LaTeX Warning: Citation `ref_proc1' on page 2 undefined on input line 125.


LaTeX Warning: Citation `ref_url1' on page 2 undefined on input line 125.

[2 <./fig1-eps-converted-to.pdf>] [3] (./samplepaper.aux)

LaTeX Warning: There were undefined references.


LaTeX Warning: Label(s) may have changed. Rerun to get cross-references right.

 ) 
Here is how much of TeX's memory you used:
 1896 strings out of 478994
 25613 string characters out of 5862207
 323795 words of memory out of 5000000
 19384 multiletter control sequences out of 15000+600000
 417881 words of font info for 58 fonts, out of 8000000 for 9000
 1141 hyphenation exceptions out of 8191
 68i,8n,74p,311b,297s stack positions out of 5000i,500n,10000p,200000b,80000s
{d:/texlive/2021/texmf-dist/fonts/enc/dvips/cm-super/cm-super-t1.enc}{d:/texl
ive/2021/texmf-dist/fonts/enc/dvips/cm-super/cm-super-ts1.enc}<d:/texlive/2021/
texmf-dist/fonts/type1/public/amsfonts/cm/cmmi10.pfb><d:/texlive/2021/texmf-dis
t/fonts/type1/public/amsfonts/cm/cmmi6.pfb><d:/texlive/2021/texmf-dist/fonts/ty
pe1/public/amsfonts/cm/cmmi7.pfb><d:/texlive/2021/texmf-dist/fonts/type1/public
/amsfonts/cm/cmmib10.pfb><d:/texlive/2021/texmf-dist/fonts/type1/public/amsfont
s/cm/cmr10.pfb><d:/texlive/2021/texmf-dist/fonts/type1/public/amsfonts/cm/cmr6.
pfb><d:/texlive/2021/texmf-dist/fonts/type1/public/amsfonts/cm/cmr7.pfb><d:/tex
live/2021/texmf-dist/fonts/type1/public/amsfonts/cm/cmsy7.pfb><d:/texlive/2021/
texmf-dist/fonts/type1/public/cm-super/sfbx0900.pfb><d:/texlive/2021/texmf-dist
/fonts/type1/public/cm-super/sfbx1000.pfb><d:/texlive/2021/texmf-dist/fonts/typ
e1/public/cm-super/sfbx1200.pfb><d:/texlive/2021/texmf-dist/fonts/type1/public/
cm-super/sfbx1440.pfb><d:/texlive/2021/texmf-dist/fonts/type1/public/cm-super/s
frm0900.pfb><d:/texlive/2021/texmf-dist/fonts/type1/public/cm-super/sfrm1000.pf
b><d:/texlive/2021/texmf-dist/fonts/type1/public/cm-super/sfti0900.pfb><d:/texl
ive/2021/texmf-dist/fonts/type1/public/cm-super/sfti1000.pfb><d:/texlive/2021/t
exmf-dist/fonts/type1/public/cm-super/sftt0900.pfb>
Output written on samplepaper.pdf (3 pages, 260692 bytes).
PDF statistics:
 98 PDF objects out of 1000 (max. 8388607)
 70 compressed objects within 1 object stream
 0 named destinations out of 1000 (max. 500000)
 6 words of extra memory for PDF output out of 10000 (max. 10000000)

